0 info it worked if it ends with ok
1 verbose cli [ 'node', '/usr/local/bin/npm', 'publish', './' ]
2 info using npm@2.14.2
3 info using node@v0.10.10
4 verbose publish [ './' ]
5 silly cache add args [ './', null ]
6 verbose cache add spec ./
7 silly cache add parsed spec { raw: './',
7 silly cache add   scope: null,
7 silly cache add   name: null,
7 silly cache add   rawSpec: './',
7 silly cache add   spec: '/Users/scottrouse/ACTIVE/_workspace/ProtoData_github/example',
7 silly cache add   type: 'directory' }
8 verbose addLocalDirectory /Users/scottrouse/.npm/@srouse/protodataexample/0.0.0/package.tgz not in flight; packing
9 verbose tar pack [ '/Users/scottrouse/.npm/@srouse/protodataexample/0.0.0/package.tgz',
9 verbose tar pack   '/Users/scottrouse/ACTIVE/_workspace/ProtoData_github/example' ]
10 verbose tarball /Users/scottrouse/.npm/@srouse/protodataexample/0.0.0/package.tgz
11 verbose folder /Users/scottrouse/ACTIVE/_workspace/ProtoData_github/example
12 info prepublish @srouse/protodataexample@0.0.0
13 verbose addLocalTarball adding from inside cache /Users/scottrouse/.npm/@srouse/protodataexample/0.0.0/package.tgz
14 silly cache afterAdd @srouse/protodataexample@0.0.0
15 verbose afterAdd /Users/scottrouse/.npm/@srouse/protodataexample/0.0.0/package/package.json not in flight; writing
16 verbose afterAdd /Users/scottrouse/.npm/@srouse/protodataexample/0.0.0/package/package.json written
17 silly publish { name: '@srouse/protodataexample',
17 silly publish   description: '',
17 silly publish   author: { name: 'srouse' },
17 silly publish   version: '0.0.0',
17 silly publish   dependencies:
17 silly publish    { grunt: '~0.4',
17 silly publish      'grunt-contrib-watch': '~0.6',
17 silly publish      protodata: '~0.1' },
17 silly publish   devDependencies: {},
17 silly publish   readme: 'ERROR: No README data found!',
17 silly publish   bundleDependencies: [],
17 silly publish   _id: '@srouse/protodataexample@0.0.0',
17 silly publish   scripts: {},
17 silly publish   _shasum: 'e843dd624aee68bcad637f07e9d4aaf5cbc7f86a',
17 silly publish   _from: '.' }
18 verbose getPublishConfig undefined
19 silly mapToRegistry name @srouse/protodataexample
20 silly mapToRegistry scope (from package name) @srouse
21 verbose mapToRegistry no registry URL found in name for scope @srouse
22 silly mapToRegistry using default registry
23 silly mapToRegistry registry https://registry.npmjs.org/
24 silly mapToRegistry uri https://registry.npmjs.org/@srouse%2fprotodataexample
25 verbose publish registryBase https://registry.npmjs.org/
26 silly publish uploading /Users/scottrouse/.npm/@srouse/protodataexample/0.0.0/package.tgz
27 verbose request uri https://registry.npmjs.org/@srouse%2fprotodataexample
28 verbose request sending authorization for write operation
29 info attempt registry request try #1 at 10:45:06
30 verbose request using bearer token for auth
31 verbose request id 786c1f1874123ba3
32 http request PUT https://registry.npmjs.org/@srouse%2fprotodataexample
33 http 402 https://registry.npmjs.org/@srouse%2fprotodataexample
34 verbose headers { 'content-type': 'application/json',
34 verbose headers   'cache-control': 'max-age=0',
34 verbose headers   'content-length': '119',
34 verbose headers   'accept-ranges': 'bytes',
34 verbose headers   date: 'Tue, 05 Jan 2016 16:45:08 GMT',
34 verbose headers   via: '1.1 varnish',
34 verbose headers   connection: 'keep-alive',
34 verbose headers   'x-served-by': 'cache-ord1734-ORD',
34 verbose headers   'x-cache': 'MISS',
34 verbose headers   'x-cache-hits': '0',
34 verbose headers   'x-timer': 'S1452012307.240011,VS0,VE862' }
35 verbose request invalidating /Users/scottrouse/.npm/registry.npmjs.org/_40srouse_252fprotodataexample on PUT
36 error publish Failed PUT 402
37 verbose stack Error: You need a paid account to perform this action. For more info, visit: https://www.npmjs.com/private-modules : @srouse/protodataexample
37 verbose stack     at makeError (/usr/local/lib/node_modules/npm/node_modules/npm-registry-client/lib/request.js:263:12)
37 verbose stack     at CachingRegistryClient.<anonymous> (/usr/local/lib/node_modules/npm/node_modules/npm-registry-client/lib/request.js:251:14)
37 verbose stack     at Request._callback (/usr/local/lib/node_modules/npm/node_modules/npm-registry-client/lib/request.js:171:14)
37 verbose stack     at Request.self.callback (/usr/local/lib/node_modules/npm/node_modules/request/request.js:198:22)
37 verbose stack     at Request.EventEmitter.emit (events.js:98:17)
37 verbose stack     at Request.<anonymous> (/usr/local/lib/node_modules/npm/node_modules/request/request.js:1073:14)
37 verbose stack     at Request.EventEmitter.emit (events.js:117:20)
37 verbose stack     at IncomingMessage.<anonymous> (/usr/local/lib/node_modules/npm/node_modules/request/request.js:1019:12)
37 verbose stack     at IncomingMessage.EventEmitter.emit (events.js:117:20)
37 verbose stack     at _stream_readable.js:910:16
38 verbose statusCode 402
39 verbose pkgid @srouse/protodataexample
40 verbose cwd /Users/scottrouse/ACTIVE/_workspace/ProtoData_github/example
41 error Darwin 15.0.0
42 error argv "node" "/usr/local/bin/npm" "publish" "./"
43 error node v0.10.10
44 error npm  v2.14.2
45 error code E402
46 error You need a paid account to perform this action. For more info, visit: https://www.npmjs.com/private-modules : @srouse/protodataexample
47 error If you need help, you may report this error at:
47 error     <https://github.com/npm/npm/issues>
48 verbose exit [ 1, true ]
